2024-09-17T19:15:32.588+03:00  INFO 1622 --- [FlightControl] [main] o.e.f.FlightControlApplication           : Starting FlightControlApplication using Java 22.0.1 with PID 1622 (/Users/mac4sale/IdeaProjects/FlightControl/target/classes started by mac4sale in /Users/mac4sale/IdeaProjects/FlightControl)
2024-09-17T19:15:32.589+03:00  INFO 1622 --- [FlightControl] [main] o.e.f.FlightControlApplication           : No active profile set, falling back to 1 default profile: "default"
2024-09-17T19:15:33.192+03:00  INFO 1622 --- [FlightControl] [main] o.s.b.w.embedded.tomcat.TomcatWebServer  : Tomcat initialized with port 8080 (http)
2024-09-17T19:15:33.202+03:00  INFO 1622 --- [FlightControl] [main] o.apache.catalina.core.StandardService   : Starting service [Tomcat]
2024-09-17T19:15:33.203+03:00  INFO 1622 --- [FlightControl] [main] o.apache.catalina.core.StandardEngine    : Starting Servlet engine: [Apache Tomcat/10.1.28]
2024-09-17T19:15:33.231+03:00  INFO 1622 --- [FlightControl] [main] o.a.c.c.C.[Tomcat].[localhost].[/]       : Initializing Spring embedded WebApplicationContext
2024-09-17T19:15:33.232+03:00  INFO 1622 --- [FlightControl] [main] w.s.c.ServletWebServerApplicationContext : Root WebApplicationContext: initialization completed in 608 ms
2024-09-17T19:15:33.467+03:00  INFO 1622 --- [FlightControl] [main] o.s.b.w.embedded.tomcat.TomcatWebServer  : Tomcat started on port 8080 (http) with context path '/'
2024-09-17T19:15:33.473+03:00  INFO 1622 --- [FlightControl] [main] o.e.f.FlightControlApplication           : Started FlightControlApplication in 1.174 seconds (process running for 1.584)
2024-09-17T19:15:37.169+03:00  INFO 1622 --- [FlightControl] [http-nio-8080-exec-1] o.a.c.c.C.[Tomcat].[localhost].[/]       : Initializing Spring DispatcherServlet 'dispatcherServlet'
2024-09-17T19:15:37.169+03:00  INFO 1622 --- [FlightControl] [http-nio-8080-exec-1] o.s.web.servlet.DispatcherServlet        : Initializing Servlet 'dispatcherServlet'
2024-09-17T19:15:37.170+03:00  INFO 1622 --- [FlightControl] [http-nio-8080-exec-1] o.s.web.servlet.DispatcherServlet        : Completed initialization in 1 ms
2024-09-17T19:19:25.479+03:00  INFO 1634 --- [FlightControl] [main] o.e.f.FlightControlApplication           : Starting FlightControlApplication using Java 22.0.1 with PID 1634 (/Users/mac4sale/IdeaProjects/FlightControl/target/classes started by mac4sale in /Users/mac4sale/IdeaProjects/FlightControl)
2024-09-17T19:19:25.480+03:00  INFO 1634 --- [FlightControl] [main] o.e.f.FlightControlApplication           : No active profile set, falling back to 1 default profile: "default"
2024-09-17T19:19:26.021+03:00  INFO 1634 --- [FlightControl] [main] o.s.b.w.embedded.tomcat.TomcatWebServer  : Tomcat initialized with port 8080 (http)
2024-09-17T19:19:26.032+03:00  INFO 1634 --- [FlightControl] [main] o.apache.catalina.core.StandardService   : Starting service [Tomcat]
2024-09-17T19:19:26.032+03:00  INFO 1634 --- [FlightControl] [main] o.apache.catalina.core.StandardEngine    : Starting Servlet engine: [Apache Tomcat/10.1.28]
2024-09-17T19:19:26.061+03:00  INFO 1634 --- [FlightControl] [main] o.a.c.c.C.[Tomcat].[localhost].[/]       : Initializing Spring embedded WebApplicationContext
2024-09-17T19:19:26.061+03:00  INFO 1634 --- [FlightControl] [main] w.s.c.ServletWebServerApplicationContext : Root WebApplicationContext: initialization completed in 551 ms
2024-09-17T19:19:26.290+03:00  INFO 1634 --- [FlightControl] [main] o.s.b.w.embedded.tomcat.TomcatWebServer  : Tomcat started on port 8080 (http) with context path '/'
2024-09-17T19:19:26.297+03:00  INFO 1634 --- [FlightControl] [main] o.e.f.FlightControlApplication           : Started FlightControlApplication in 1.083 seconds (process running for 1.472)
2024-09-17T19:21:14.346+03:00  INFO 1634 --- [FlightControl] [http-nio-8080-exec-2] o.a.c.c.C.[Tomcat].[localhost].[/]       : Initializing Spring DispatcherServlet 'dispatcherServlet'
2024-09-17T19:21:14.346+03:00  INFO 1634 --- [FlightControl] [http-nio-8080-exec-2] o.s.web.servlet.DispatcherServlet        : Initializing Servlet 'dispatcherServlet'
2024-09-17T19:21:14.347+03:00  INFO 1634 --- [FlightControl] [http-nio-8080-exec-2] o.s.web.servlet.DispatcherServlet        : Completed initialization in 1 ms
2024-09-17T19:21:14.372+03:00  INFO 1634 --- [FlightControl] [http-nio-8080-exec-2] o.e.f.service.impl.CouponServiceImpl     : Coupon applied: ID 1. Original price: $10.0, Discount: 50.0%, Final price: $5.0
2024-09-17T19:21:16.861+03:00  INFO 1634 --- [FlightControl] [http-nio-8080-exec-3] o.e.f.service.impl.CouponServiceImpl     : Coupon applied: ID 1. Original price: $10.0, Discount: 10.0%, Final price: $9.0
2024-09-17T19:21:18.155+03:00  INFO 1634 --- [FlightControl] [http-nio-8080-exec-4] o.e.f.service.impl.CouponServiceImpl     : Coupon applied: ID 1. Original price: $10.0, Discount: 10.0%, Final price: $9.0
2024-09-17T19:22:24.216+03:00  INFO 1658 --- [FlightControl] [main] o.e.f.FlightControlApplicationTests      : Starting FlightControlApplicationTests using Java 22.0.1 with PID 1658 (started by mac4sale in /Users/mac4sale/IdeaProjects/FlightControl)
2024-09-17T19:22:24.218+03:00  INFO 1658 --- [FlightControl] [main] o.e.f.FlightControlApplicationTests      : No active profile set, falling back to 1 default profile: "default"
2024-09-17T19:22:25.029+03:00  INFO 1658 --- [FlightControl] [main] o.e.f.FlightControlApplicationTests      : Started FlightControlApplicationTests in 1.105 seconds (process running for 1.766)
2024-09-17T19:22:25.688+03:00  INFO 1658 --- [FlightControl] [main] o.e.f.service.impl.TicketServiceImpl     : Ticket ID 1 is available.
2024-09-17T19:22:25.701+03:00  INFO 1658 --- [FlightControl] [main] o.e.f.service.impl.CheckInServiceImpl    : Successful check-in: Ticket with ID 100 checked in for destination 1.
2024-09-17T19:22:25.704+03:00  INFO 1658 --- [FlightControl] [main] o.e.f.service.impl.CacheServiceImpl      : Added key: testKey to cache
2024-09-17T19:22:25.709+03:00  INFO 1658 --- [FlightControl] [main] o.e.f.service.impl.CacheServiceImpl      : Added key: key1 to cache
2024-09-17T19:22:25.709+03:00  INFO 1658 --- [FlightControl] [main] o.e.f.service.impl.CacheServiceImpl      : Added key: key2 to cache
2024-09-17T19:22:25.709+03:00  INFO 1658 --- [FlightControl] [main] o.e.f.service.impl.CacheServiceImpl      : Added key: key3 to cache
2024-09-17T19:22:25.709+03:00  INFO 1658 --- [FlightControl] [main] o.e.f.service.impl.CacheServiceImpl      : Added key: key4 to cache
2024-09-17T19:22:25.709+03:00  INFO 1658 --- [FlightControl] [main] o.e.f.service.impl.CacheServiceImpl      : Added key: key5 to cache
2024-09-17T19:22:25.709+03:00  INFO 1658 --- [FlightControl] [main] o.e.f.service.impl.CacheServiceImpl      : Added key: key6 to cache
2024-09-17T19:22:25.709+03:00  INFO 1658 --- [FlightControl] [main] o.e.f.service.impl.CacheServiceImpl      : Added key: key7 to cache
2024-09-17T19:22:25.710+03:00  INFO 1658 --- [FlightControl] [main] o.e.f.service.impl.CacheServiceImpl      : Added key: key8 to cache
2024-09-17T19:22:25.710+03:00  INFO 1658 --- [FlightControl] [main] o.e.f.service.impl.CacheServiceImpl      : Added key: key9 to cache
2024-09-17T19:22:25.710+03:00  INFO 1658 --- [FlightControl] [main] o.e.f.service.impl.CacheServiceImpl      : Added key: key10 to cache
2024-09-17T19:22:25.710+03:00  INFO 1658 --- [FlightControl] [main] o.e.f.service.impl.CacheServiceImpl      : Evicting cache entry: key1
2024-09-17T19:22:25.710+03:00  INFO 1658 --- [FlightControl] [main] o.e.f.service.impl.CacheServiceImpl      : Added key: key11 to cache
2024-09-17T19:22:25.714+03:00  INFO 1658 --- [FlightControl] [main] o.e.f.service.impl.CheckInServiceImpl    : Successful check-in: Ticket with ID 100 checked in for destination 1.
2024-09-17T19:22:25.715+03:00  INFO 1658 --- [FlightControl] [main] o.e.f.service.impl.CheckInServiceImpl    : Check-in attempt failed: Ticket with ID 100 already checked in for destination 1.
